<?xml version="1.0" encoding="UTF-8"?>
<robot generator="Robot 6.0.2 (Python 3.9.2 on linux)" generated="20230419 22:16:10.268" rpa="false" schemaversion="3">
<suite id="s1" name="Test Firefox" source="/tests/test_firefox.robot">
<test id="s1-t1" name="Navigate to Github" line="20">
<kw name="Open Browser" library="SeleniumLibrary">
<arg>about:blank</arg>
<arg>${BROWSER}</arg>
<arg>remote_url=${REMOTE_URL}</arg>
<doc>Opens a new browser instance to the optional ``url``.</doc>
<msg timestamp="20230419 22:16:10.477" level="INFO">Opening browser 'firefox' to base url 'about:blank' through remote server at 'http://172.22.0.2:4444'.</msg>
<status status="PASS" starttime="20230419 22:16:10.476" endtime="20230419 22:16:13.319"/>
</kw>
<kw name="Maximize Browser Window" library="SeleniumLibrary">
<doc>Maximizes current browser window.</doc>
<status status="PASS" starttime="20230419 22:16:13.319" endtime="20230419 22:16:13.351"/>
</kw>
<kw name="Go To" library="SeleniumLibrary">
<arg>${BASE_URL}</arg>
<doc>Navigates the current browser window to the provided ``url``.</doc>
<msg timestamp="20230419 22:16:13.352" level="INFO">Opening url 'https://www.github.com'</msg>
<status status="PASS" starttime="20230419 22:16:13.352" endtime="20230419 22:16:14.532"/>
</kw>
<kw name="Title Should Be" library="SeleniumLibrary">
<arg>GitHub: Let’s build from here · GitHub</arg>
<doc>Verifies that the current page title equals ``title``.</doc>
<msg timestamp="20230419 22:16:14.617" level="INFO">Page title is 'GitHub: Let’s build from here · GitHub'.</msg>
<status status="PASS" starttime="20230419 22:16:14.532" endtime="20230419 22:16:14.617"/>
</kw>
<kw name="Add Cookie" library="SeleniumLibrary">
<arg>${COOKIE_NAME}</arg>
<arg>${COOKIE_VALUE}</arg>
<arg>domain=${COOKIE_DOMAIN}</arg>
<doc>Adds a cookie to your current session.</doc>
<status status="PASS" starttime="20230419 22:16:14.618" endtime="20230419 22:16:14.696"/>
</kw>
<status status="PASS" starttime="20230419 22:16:10.475" endtime="20230419 22:16:14.696"/>
</test>
<test id="s1-t2" name="Vérifie que le cookie est ajouté" line="27">
<kw name="Get Cookie" library="SeleniumLibrary">
<var>${cookie}</var>
<arg>user</arg>
<doc>Returns information of cookie with ``name`` as an object.</doc>
<msg timestamp="20230419 22:16:14.734" level="INFO">${cookie} = name=user
value=admin
path=/
domain=.github.com
secure=False
httpOnly=False
expiry=None
extra={'sameSite': 'None'}
</msg>
<status status="PASS" starttime="20230419 22:16:14.699" endtime="20230419 22:16:14.734"/>
</kw>
<kw name="Should Be Equal" library="BuiltIn">
<arg>${cookie.value}</arg>
<arg>admin</arg>
<doc>Fails if the given objects are unequal.</doc>
<status status="PASS" starttime="20230419 22:16:14.735" endtime="20230419 22:16:14.737"/>
</kw>
<status status="PASS" starttime="20230419 22:16:14.698" endtime="20230419 22:16:14.737"/>
</test>
<test id="s1-t3" name="Prend une capture d'écran de la page" line="31">
<kw name="Capture Page Screenshot" library="SeleniumLibrary">
<arg>./screens/screenshot.png</arg>
<doc>Takes a screenshot of the current page and embeds it into a log file.</doc>
<msg timestamp="20230419 22:16:15.424" level="INFO" html="true">&lt;/td&gt;&lt;/tr&gt;&lt;tr&gt;&lt;td colspan="3"&gt;&lt;a href="screens/screenshot.png"&gt;&lt;img src="screens/screenshot.png" width="800px"&gt;&lt;/a&gt;</msg>
<status status="PASS" starttime="20230419 22:16:14.743" endtime="20230419 22:16:15.424"/>
</kw>
<status status="PASS" starttime="20230419 22:16:14.740" endtime="20230419 22:16:15.425"/>
</test>
<kw name="Close Browser" library="SeleniumLibrary" type="TEARDOWN">
<doc>Closes the current browser.</doc>
<status status="PASS" starttime="20230419 22:16:15.428" endtime="20230419 22:16:16.292"/>
</kw>
<status status="PASS" starttime="20230419 22:16:10.269" endtime="20230419 22:16:16.292"/>
</suite>
<statistics>
<total>
<stat pass="3" fail="0" skip="0">All Tests</stat>
</total>
<tag>
</tag>
<suite>
<stat pass="3" fail="0" skip="0" id="s1" name="Test Firefox">Test Firefox</stat>
</suite>
</statistics>
<errors>
</errors>
</robot>
